<?xml version="1.0" encoding="UTF-8"?>
<!-- Generated by org.testng.reporters.JUnitReportReporter -->
<testsuite hostname="Test-PC" failures="0" tests="1" name="TestCases.HomePageTest" time="7.137" errors="0" timestamp="2023-07-13T09:15:43 IST" skipped="0">
  <testcase classname="TestCases.HomePageTest" name="testHomePage" time="7.137"/>
  <system-out/>
</testsuite> <!-- TestCases.HomePageTest -->
