<?xml version="1.0" encoding="UTF-8"?>
<!-- Generated by org.testng.reporters.JUnitReportReporter -->
<testsuite hostname="Test-PC" failures="0" tests="1" name="TestCases.WeatherDataPageTest" time="2.218" errors="0" timestamp="2023-07-13T09:15:43 IST" skipped="0">
  <testcase classname="TestCases.WeatherDataPageTest" name="testWeatherDataPage" time="2.218"/>
  <system-out/>
</testsuite> <!-- TestCases.WeatherDataPageTest -->
